2020-03-16T19:23:49,630 [main] INFO  org.springframework.test.context.support.DefaultTestContextBootstrapper - Loaded default TestExecutionListener class names from location [META-INF/spring.factories]: [org.springframework.test.context.web.ServletTestExecutionListener, org.springframework.test.context.support.DirtiesContextBeforeModesTestExecutionListener, org.springframework.test.context.support.DependencyInjectionTestExecutionListener, org.springframework.test.context.support.DirtiesContextTestExecutionListener, org.springframework.test.context.transaction.TransactionalTestExecutionListener, org.springframework.test.context.jdbc.SqlScriptsTestExecutionListener, org.springframework.test.context.event.EventPublishingTestExecutionListener]
2020-03-16T19:23:49,649 [main] INFO  org.springframework.test.context.support.DefaultTestContextBootstrapper - Using TestExecutionListeners: [org.springframework.test.context.support.DirtiesContextBeforeModesTestExecutionListener@4c371370, org.springframework.test.context.support.DependencyInjectionTestExecutionListener@145f66e3, org.springframework.test.context.support.DirtiesContextTestExecutionListener@3023df74, org.springframework.test.context.transaction.TransactionalTestExecutionListener@313ac989, org.springframework.test.context.jdbc.SqlScriptsTestExecutionListener@4562e04d, org.springframework.test.context.event.EventPublishingTestExecutionListener@2a65fe7c]
2020-03-16T19:23:50,158 [main] INFO  org.hibernate.Version - HHH000412: Hibernate ORM core version 5.4.12.Final
2020-03-16T19:23:50,353 [main] INFO  org.hibernate.annotations.common.Version - HCANN000001: Hibernate Commons Annotations {5.1.0.Final}
2020-03-16T19:23:50,684 [main] INFO  org.hibernate.dialect.Dialect - HHH000400: Using dialect: org.hibernate.dialect.H2Dialect
2020-03-16T19:23:51,010 [main] INFO  org.hibernate.search.engine.Version - HSEARCH000034: Hibernate Search 5.6.1.Final
2020-03-16T19:23:51,480 [main] INFO  org.hibernate.engine.transaction.jta.platform.internal.JtaPlatformInitiator - HHH000490: Using JtaPlatform implementation: [org.hibernate.engine.transaction.jta.platform.internal.NoJtaPlatform]
2020-03-16T19:23:51,661 [main] INFO  fr.epita.quiz.data.model.Question - get question 1
2020-03-16T19:29:17,981 [main] INFO  org.springframework.test.context.support.DefaultTestContextBootstrapper - Loaded default TestExecutionListener class names from location [META-INF/spring.factories]: [org.springframework.test.context.web.ServletTestExecutionListener, org.springframework.test.context.support.DirtiesContextBeforeModesTestExecutionListener, org.springframework.test.context.support.DependencyInjectionTestExecutionListener, org.springframework.test.context.support.DirtiesContextTestExecutionListener, org.springframework.test.context.transaction.TransactionalTestExecutionListener, org.springframework.test.context.jdbc.SqlScriptsTestExecutionListener, org.springframework.test.context.event.EventPublishingTestExecutionListener]
2020-03-16T19:29:17,991 [main] INFO  org.springframework.test.context.support.DefaultTestContextBootstrapper - Using TestExecutionListeners: [org.springframework.test.context.support.DirtiesContextBeforeModesTestExecutionListener@18078bef, org.springframework.test.context.support.DependencyInjectionTestExecutionListener@799f10e1, org.springframework.test.context.support.DirtiesContextTestExecutionListener@4c371370, org.springframework.test.context.transaction.TransactionalTestExecutionListener@145f66e3, org.springframework.test.context.jdbc.SqlScriptsTestExecutionListener@3023df74, org.springframework.test.context.event.EventPublishingTestExecutionListener@313ac989]
2020-03-16T19:29:18,388 [main] INFO  org.hibernate.Version - HHH000412: Hibernate ORM core version 5.4.12.Final
2020-03-16T19:29:18,515 [main] INFO  org.hibernate.annotations.common.Version - HCANN000001: Hibernate Commons Annotations {5.1.0.Final}
2020-03-16T19:29:18,736 [main] INFO  org.hibernate.dialect.Dialect - HHH000400: Using dialect: org.hibernate.dialect.H2Dialect
2020-03-16T19:29:18,988 [main] INFO  org.hibernate.search.engine.Version - HSEARCH000034: Hibernate Search 5.6.1.Final
2020-03-16T19:29:19,375 [main] INFO  org.hibernate.engine.transaction.jta.platform.internal.JtaPlatformInitiator - HHH000490: Using JtaPlatform implementation: [org.hibernate.engine.transaction.jta.platform.internal.NoJtaPlatform]
2020-03-16T19:29:19,528 [main] INFO  fr.epita.quiz.data.model.Question - get question 1
2020-03-16T19:29:31,877 [main] INFO  org.springframework.test.context.support.DefaultTestContextBootstrapper - Loaded default TestExecutionListener class names from location [META-INF/spring.factories]: [org.springframework.test.context.web.ServletTestExecutionListener, org.springframework.test.context.support.DirtiesContextBeforeModesTestExecutionListener, org.springframework.test.context.support.DependencyInjectionTestExecutionListener, org.springframework.test.context.support.DirtiesContextTestExecutionListener, org.springframework.test.context.transaction.TransactionalTestExecutionListener, org.springframework.test.context.jdbc.SqlScriptsTestExecutionListener, org.springframework.test.context.event.EventPublishingTestExecutionListener]
2020-03-16T19:29:31,890 [main] INFO  org.springframework.test.context.support.DefaultTestContextBootstrapper - Using TestExecutionListeners: [org.springframework.test.context.support.DirtiesContextBeforeModesTestExecutionListener@18078bef, org.springframework.test.context.support.DependencyInjectionTestExecutionListener@799f10e1, org.springframework.test.context.support.DirtiesContextTestExecutionListener@4c371370, org.springframework.test.context.transaction.TransactionalTestExecutionListener@145f66e3, org.springframework.test.context.jdbc.SqlScriptsTestExecutionListener@3023df74, org.springframework.test.context.event.EventPublishingTestExecutionListener@313ac989]
2020-03-16T19:29:32,319 [main] INFO  org.hibernate.Version - HHH000412: Hibernate ORM core version 5.4.12.Final
2020-03-16T19:29:32,431 [main] INFO  org.hibernate.annotations.common.Version - HCANN000001: Hibernate Commons Annotations {5.1.0.Final}
2020-03-16T19:29:32,676 [main] INFO  org.hibernate.dialect.Dialect - HHH000400: Using dialect: org.hibernate.dialect.H2Dialect
2020-03-16T19:29:32,945 [main] INFO  org.hibernate.search.engine.Version - HSEARCH000034: Hibernate Search 5.6.1.Final
2020-03-16T19:29:33,344 [main] INFO  org.hibernate.engine.transaction.jta.platform.internal.JtaPlatformInitiator - HHH000490: Using JtaPlatform implementation: [org.hibernate.engine.transaction.jta.platform.internal.NoJtaPlatform]
2020-03-16T19:29:33,496 [main] INFO  fr.epita.quiz.data.model.Question - get question 1
2020-03-16T19:32:20,458 [main] INFO  org.springframework.test.context.support.DefaultTestContextBootstrapper - Loaded default TestExecutionListener class names from location [META-INF/spring.factories]: [org.springframework.test.context.web.ServletTestExecutionListener, org.springframework.test.context.support.DirtiesContextBeforeModesTestExecutionListener, org.springframework.test.context.support.DependencyInjectionTestExecutionListener, org.springframework.test.context.support.DirtiesContextTestExecutionListener, org.springframework.test.context.transaction.TransactionalTestExecutionListener, org.springframework.test.context.jdbc.SqlScriptsTestExecutionListener, org.springframework.test.context.event.EventPublishingTestExecutionListener]
2020-03-16T19:32:20,470 [main] INFO  org.springframework.test.context.support.DefaultTestContextBootstrapper - Using TestExecutionListeners: [org.springframework.test.context.support.DirtiesContextBeforeModesTestExecutionListener@4c371370, org.springframework.test.context.support.DependencyInjectionTestExecutionListener@145f66e3, org.springframework.test.context.support.DirtiesContextTestExecutionListener@3023df74, org.springframework.test.context.transaction.TransactionalTestExecutionListener@313ac989, org.springframework.test.context.jdbc.SqlScriptsTestExecutionListener@4562e04d, org.springframework.test.context.event.EventPublishingTestExecutionListener@2a65fe7c]
2020-03-16T19:32:20,858 [main] INFO  org.hibernate.Version - HHH000412: Hibernate ORM core version 5.4.12.Final
2020-03-16T19:32:20,969 [main] INFO  org.hibernate.annotations.common.Version - HCANN000001: Hibernate Commons Annotations {5.1.0.Final}
2020-03-16T19:32:21,190 [main] INFO  org.hibernate.dialect.Dialect - HHH000400: Using dialect: org.hibernate.dialect.H2Dialect
2020-03-16T19:32:21,442 [main] INFO  org.hibernate.search.engine.Version - HSEARCH000034: Hibernate Search 5.6.1.Final
2020-03-16T19:32:21,829 [main] INFO  org.hibernate.engine.transaction.jta.platform.internal.JtaPlatformInitiator - HHH000490: Using JtaPlatform implementation: [org.hibernate.engine.transaction.jta.platform.internal.NoJtaPlatform]
2020-03-16T19:32:21,967 [main] INFO  fr.epita.quiz.data.model.Question - get question 1
2020-03-16T19:32:34,376 [main] INFO  org.springframework.test.context.support.DefaultTestContextBootstrapper - Loaded default TestExecutionListener class names from location [META-INF/spring.factories]: [org.springframework.test.context.web.ServletTestExecutionListener, org.springframework.test.context.support.DirtiesContextBeforeModesTestExecutionListener, org.springframework.test.context.support.DependencyInjectionTestExecutionListener, org.springframework.test.context.support.DirtiesContextTestExecutionListener, org.springframework.test.context.transaction.TransactionalTestExecutionListener, org.springframework.test.context.jdbc.SqlScriptsTestExecutionListener, org.springframework.test.context.event.EventPublishingTestExecutionListener]
2020-03-16T19:32:34,387 [main] INFO  org.springframework.test.context.support.DefaultTestContextBootstrapper - Using TestExecutionListeners: [org.springframework.test.context.support.DirtiesContextBeforeModesTestExecutionListener@4c371370, org.springframework.test.context.support.DependencyInjectionTestExecutionListener@145f66e3, org.springframework.test.context.support.DirtiesContextTestExecutionListener@3023df74, org.springframework.test.context.transaction.TransactionalTestExecutionListener@313ac989, org.springframework.test.context.jdbc.SqlScriptsTestExecutionListener@4562e04d, org.springframework.test.context.event.EventPublishingTestExecutionListener@2a65fe7c]
2020-03-16T19:32:34,773 [main] INFO  org.hibernate.Version - HHH000412: Hibernate ORM core version 5.4.12.Final
2020-03-16T19:32:34,884 [main] INFO  org.hibernate.annotations.common.Version - HCANN000001: Hibernate Commons Annotations {5.1.0.Final}
2020-03-16T19:32:35,110 [main] INFO  org.hibernate.dialect.Dialect - HHH000400: Using dialect: org.hibernate.dialect.H2Dialect
2020-03-16T19:32:35,368 [main] INFO  org.hibernate.search.engine.Version - HSEARCH000034: Hibernate Search 5.6.1.Final
2020-03-16T19:32:35,752 [main] INFO  org.hibernate.engine.transaction.jta.platform.internal.JtaPlatformInitiator - HHH000490: Using JtaPlatform implementation: [org.hibernate.engine.transaction.jta.platform.internal.NoJtaPlatform]
2020-03-16T19:32:35,892 [main] INFO  fr.epita.quiz.data.model.Question - get question 1
2020-03-16T19:37:27,729 [main] INFO  org.springframework.test.context.support.DefaultTestContextBootstrapper - Loaded default TestExecutionListener class names from location [META-INF/spring.factories]: [org.springframework.test.context.web.ServletTestExecutionListener, org.springframework.test.context.support.DirtiesContextBeforeModesTestExecutionListener, org.springframework.test.context.support.DependencyInjectionTestExecutionListener, org.springframework.test.context.support.DirtiesContextTestExecutionListener, org.springframework.test.context.transaction.TransactionalTestExecutionListener, org.springframework.test.context.jdbc.SqlScriptsTestExecutionListener, org.springframework.test.context.event.EventPublishingTestExecutionListener]
2020-03-16T19:37:27,739 [main] INFO  org.springframework.test.context.support.DefaultTestContextBootstrapper - Using TestExecutionListeners: [org.springframework.test.context.support.DirtiesContextBeforeModesTestExecutionListener@4c371370, org.springframework.test.context.support.DependencyInjectionTestExecutionListener@145f66e3, org.springframework.test.context.support.DirtiesContextTestExecutionListener@3023df74, org.springframework.test.context.transaction.TransactionalTestExecutionListener@313ac989, org.springframework.test.context.jdbc.SqlScriptsTestExecutionListener@4562e04d, org.springframework.test.context.event.EventPublishingTestExecutionListener@2a65fe7c]
2020-03-16T19:37:28,130 [main] INFO  org.hibernate.Version - HHH000412: Hibernate ORM core version 5.4.12.Final
2020-03-16T19:37:28,251 [main] INFO  org.hibernate.annotations.common.Version - HCANN000001: Hibernate Commons Annotations {5.1.0.Final}
2020-03-16T19:37:28,474 [main] INFO  org.hibernate.dialect.Dialect - HHH000400: Using dialect: org.hibernate.dialect.H2Dialect
2020-03-16T19:37:28,729 [main] INFO  org.hibernate.search.engine.Version - HSEARCH000034: Hibernate Search 5.6.1.Final
2020-03-16T19:37:29,118 [main] INFO  org.hibernate.engine.transaction.jta.platform.internal.JtaPlatformInitiator - HHH000490: Using JtaPlatform implementation: [org.hibernate.engine.transaction.jta.platform.internal.NoJtaPlatform]
2020-03-16T19:37:29,259 [main] INFO  fr.epita.quiz.data.model.Question - get question 1
2020-03-16T19:38:02,223 [main] INFO  org.springframework.test.context.support.DefaultTestContextBootstrapper - Loaded default TestExecutionListener class names from location [META-INF/spring.factories]: [org.springframework.test.context.web.ServletTestExecutionListener, org.springframework.test.context.support.DirtiesContextBeforeModesTestExecutionListener, org.springframework.test.context.support.DependencyInjectionTestExecutionListener, org.springframework.test.context.support.DirtiesContextTestExecutionListener, org.springframework.test.context.transaction.TransactionalTestExecutionListener, org.springframework.test.context.jdbc.SqlScriptsTestExecutionListener, org.springframework.test.context.event.EventPublishingTestExecutionListener]
2020-03-16T19:38:02,234 [main] INFO  org.springframework.test.context.support.DefaultTestContextBootstrapper - Using TestExecutionListeners: [org.springframework.test.context.support.DirtiesContextBeforeModesTestExecutionListener@4c371370, org.springframework.test.context.support.DependencyInjectionTestExecutionListener@145f66e3, org.springframework.test.context.support.DirtiesContextTestExecutionListener@3023df74, org.springframework.test.context.transaction.TransactionalTestExecutionListener@313ac989, org.springframework.test.context.jdbc.SqlScriptsTestExecutionListener@4562e04d, org.springframework.test.context.event.EventPublishingTestExecutionListener@2a65fe7c]
2020-03-16T19:38:02,625 [main] INFO  org.hibernate.Version - HHH000412: Hibernate ORM core version 5.4.12.Final
2020-03-16T19:38:02,742 [main] INFO  org.hibernate.annotations.common.Version - HCANN000001: Hibernate Commons Annotations {5.1.0.Final}
2020-03-16T19:38:02,975 [main] INFO  org.hibernate.dialect.Dialect - HHH000400: Using dialect: org.hibernate.dialect.H2Dialect
2020-03-16T19:38:03,232 [main] INFO  org.hibernate.search.engine.Version - HSEARCH000034: Hibernate Search 5.6.1.Final
2020-03-16T19:38:03,619 [main] INFO  org.hibernate.engine.transaction.jta.platform.internal.JtaPlatformInitiator - HHH000490: Using JtaPlatform implementation: [org.hibernate.engine.transaction.jta.platform.internal.NoJtaPlatform]
2020-03-16T19:38:03,758 [main] INFO  fr.epita.quiz.data.model.Question - get question 1
2020-03-16T19:42:14,313 [main] INFO  org.springframework.test.context.support.DefaultTestContextBootstrapper - Loaded default TestExecutionListener class names from location [META-INF/spring.factories]: [org.springframework.test.context.web.ServletTestExecutionListener, org.springframework.test.context.support.DirtiesContextBeforeModesTestExecutionListener, org.springframework.test.context.support.DependencyInjectionTestExecutionListener, org.springframework.test.context.support.DirtiesContextTestExecutionListener, org.springframework.test.context.transaction.TransactionalTestExecutionListener, org.springframework.test.context.jdbc.SqlScriptsTestExecutionListener, org.springframework.test.context.event.EventPublishingTestExecutionListener]
2020-03-16T19:42:14,330 [main] INFO  org.springframework.test.context.support.DefaultTestContextBootstrapper - Using TestExecutionListeners: [org.springframework.test.context.support.DirtiesContextBeforeModesTestExecutionListener@18078bef, org.springframework.test.context.support.DependencyInjectionTestExecutionListener@799f10e1, org.springframework.test.context.support.DirtiesContextTestExecutionListener@4c371370, org.springframework.test.context.transaction.TransactionalTestExecutionListener@145f66e3, org.springframework.test.context.jdbc.SqlScriptsTestExecutionListener@3023df74, org.springframework.test.context.event.EventPublishingTestExecutionListener@313ac989]
2020-03-16T19:42:14,857 [main] INFO  org.hibernate.Version - HHH000412: Hibernate ORM core version 5.4.12.Final
2020-03-16T19:42:15,050 [main] INFO  org.hibernate.annotations.common.Version - HCANN000001: Hibernate Commons Annotations {5.1.0.Final}
2020-03-16T19:42:15,361 [main] INFO  org.hibernate.dialect.Dialect - HHH000400: Using dialect: org.hibernate.dialect.H2Dialect
2020-03-16T19:42:15,681 [main] INFO  org.hibernate.search.engine.Version - HSEARCH000034: Hibernate Search 5.6.1.Final
2020-03-16T19:42:16,161 [main] INFO  org.hibernate.engine.transaction.jta.platform.internal.JtaPlatformInitiator - HHH000490: Using JtaPlatform implementation: [org.hibernate.engine.transaction.jta.platform.internal.NoJtaPlatform]
2020-03-16T19:42:16,349 [main] INFO  fr.epita.quiz.data.model.Question - get question 1
2020-03-16T19:58:44,738 [main] INFO  org.springframework.test.context.support.DefaultTestContextBootstrapper - Loaded default TestExecutionListener class names from location [META-INF/spring.factories]: [org.springframework.test.context.web.ServletTestExecutionListener, org.springframework.test.context.support.DirtiesContextBeforeModesTestExecutionListener, org.springframework.test.context.support.DependencyInjectionTestExecutionListener, org.springframework.test.context.support.DirtiesContextTestExecutionListener, org.springframework.test.context.transaction.TransactionalTestExecutionListener, org.springframework.test.context.jdbc.SqlScriptsTestExecutionListener, org.springframework.test.context.event.EventPublishingTestExecutionListener]
2020-03-16T19:58:44,757 [main] INFO  org.springframework.test.context.support.DefaultTestContextBootstrapper - Using TestExecutionListeners: [org.springframework.test.context.support.DirtiesContextBeforeModesTestExecutionListener@18078bef, org.springframework.test.context.support.DependencyInjectionTestExecutionListener@799f10e1, org.springframework.test.context.support.DirtiesContextTestExecutionListener@4c371370, org.springframework.test.context.transaction.TransactionalTestExecutionListener@145f66e3, org.springframework.test.context.jdbc.SqlScriptsTestExecutionListener@3023df74, org.springframework.test.context.event.EventPublishingTestExecutionListener@313ac989]
2020-03-16T19:58:45,278 [main] INFO  org.hibernate.Version - HHH000412: Hibernate ORM core version 5.4.12.Final
2020-03-16T19:58:45,470 [main] INFO  org.hibernate.annotations.common.Version - HCANN000001: Hibernate Commons Annotations {5.1.0.Final}
2020-03-16T19:58:45,789 [main] INFO  org.hibernate.dialect.Dialect - HHH000400: Using dialect: org.hibernate.dialect.H2Dialect
2020-03-16T19:58:46,172 [main] INFO  org.hibernate.search.engine.Version - HSEARCH000034: Hibernate Search 5.6.1.Final
2020-03-16T19:58:46,719 [main] INFO  org.hibernate.engine.transaction.jta.platform.internal.JtaPlatformInitiator - HHH000490: Using JtaPlatform implementation: [org.hibernate.engine.transaction.jta.platform.internal.NoJtaPlatform]
2020-03-16T19:58:46,934 [main] INFO  fr.epita.quiz.data.model.Question - get question 1
2020-03-16T19:58:46,955 [main] INFO  fr.epita.quiz.data.model.Question - ---------- 2
2020-03-16T19:58:46,955 [main] INFO  fr.epita.quiz.data.model.Question - ---------- who are you?
2020-03-16T20:01:23,613 [main] INFO  org.springframework.test.context.support.DefaultTestContextBootstrapper - Loaded default TestExecutionListener class names from location [META-INF/spring.factories]: [org.springframework.test.context.web.ServletTestExecutionListener, org.springframework.test.context.support.DirtiesContextBeforeModesTestExecutionListener, org.springframework.test.context.support.DependencyInjectionTestExecutionListener, org.springframework.test.context.support.DirtiesContextTestExecutionListener, org.springframework.test.context.transaction.TransactionalTestExecutionListener, org.springframework.test.context.jdbc.SqlScriptsTestExecutionListener, org.springframework.test.context.event.EventPublishingTestExecutionListener]
2020-03-16T20:01:23,625 [main] INFO  org.springframework.test.context.support.DefaultTestContextBootstrapper - Using TestExecutionListeners: [org.springframework.test.context.support.DirtiesContextBeforeModesTestExecutionListener@4c371370, org.springframework.test.context.support.DependencyInjectionTestExecutionListener@145f66e3, org.springframework.test.context.support.DirtiesContextTestExecutionListener@3023df74, org.springframework.test.context.transaction.TransactionalTestExecutionListener@313ac989, org.springframework.test.context.jdbc.SqlScriptsTestExecutionListener@4562e04d, org.springframework.test.context.event.EventPublishingTestExecutionListener@2a65fe7c]
2020-03-16T20:01:24,013 [main] INFO  org.hibernate.Version - HHH000412: Hibernate ORM core version 5.4.12.Final
2020-03-16T20:01:24,125 [main] INFO  org.hibernate.annotations.common.Version - HCANN000001: Hibernate Commons Annotations {5.1.0.Final}
2020-03-16T20:01:24,349 [main] INFO  org.hibernate.dialect.Dialect - HHH000400: Using dialect: org.hibernate.dialect.H2Dialect
2020-03-16T20:01:24,601 [main] INFO  org.hibernate.search.engine.Version - HSEARCH000034: Hibernate Search 5.6.1.Final
2020-03-16T20:01:24,990 [main] INFO  org.hibernate.engine.transaction.jta.platform.internal.JtaPlatformInitiator - HHH000490: Using JtaPlatform implementation: [org.hibernate.engine.transaction.jta.platform.internal.NoJtaPlatform]
2020-03-16T20:01:25,138 [main] INFO  fr.epita.quiz.data.model.Question - get question 1
2020-03-16T20:01:25,154 [main] INFO  fr.epita.quiz.data.model.Question - ---------- 2
2020-03-16T20:01:25,154 [main] INFO  fr.epita.quiz.data.model.Question - ---------- who are you?
2020-03-16T20:01:49,431 [main] INFO  org.springframework.test.context.support.DefaultTestContextBootstrapper - Loaded default TestExecutionListener class names from location [META-INF/spring.factories]: [org.springframework.test.context.web.ServletTestExecutionListener, org.springframework.test.context.support.DirtiesContextBeforeModesTestExecutionListener, org.springframework.test.context.support.DependencyInjectionTestExecutionListener, org.springframework.test.context.support.DirtiesContextTestExecutionListener, org.springframework.test.context.transaction.TransactionalTestExecutionListener, org.springframework.test.context.jdbc.SqlScriptsTestExecutionListener, org.springframework.test.context.event.EventPublishingTestExecutionListener]
2020-03-16T20:01:49,442 [main] INFO  org.springframework.test.context.support.DefaultTestContextBootstrapper - Using TestExecutionListeners: [org.springframework.test.context.support.DirtiesContextBeforeModesTestExecutionListener@4c371370, org.springframework.test.context.support.DependencyInjectionTestExecutionListener@145f66e3, org.springframework.test.context.support.DirtiesContextTestExecutionListener@3023df74, org.springframework.test.context.transaction.TransactionalTestExecutionListener@313ac989, org.springframework.test.context.jdbc.SqlScriptsTestExecutionListener@4562e04d, org.springframework.test.context.event.EventPublishingTestExecutionListener@2a65fe7c]
2020-03-16T20:01:49,826 [main] INFO  org.hibernate.Version - HHH000412: Hibernate ORM core version 5.4.12.Final
2020-03-16T20:01:49,937 [main] INFO  org.hibernate.annotations.common.Version - HCANN000001: Hibernate Commons Annotations {5.1.0.Final}
2020-03-16T20:01:50,155 [main] INFO  org.hibernate.dialect.Dialect - HHH000400: Using dialect: org.hibernate.dialect.H2Dialect
2020-03-16T20:01:50,412 [main] INFO  org.hibernate.search.engine.Version - HSEARCH000034: Hibernate Search 5.6.1.Final
2020-03-16T20:01:50,799 [main] INFO  org.hibernate.engine.transaction.jta.platform.internal.JtaPlatformInitiator - HHH000490: Using JtaPlatform implementation: [org.hibernate.engine.transaction.jta.platform.internal.NoJtaPlatform]
2020-03-16T20:01:50,949 [main] INFO  fr.epita.quiz.data.model.Question - get question 1
2020-03-16T20:01:50,964 [main] INFO  fr.epita.quiz.data.model.Question - ---------- 2
2020-03-16T20:01:50,964 [main] INFO  fr.epita.quiz.data.model.Question - ---------- who are you?
2020-03-16T20:03:47,522 [main] INFO  org.springframework.test.context.support.DefaultTestContextBootstrapper - Loaded default TestExecutionListener class names from location [META-INF/spring.factories]: [org.springframework.test.context.web.ServletTestExecutionListener, org.springframework.test.context.support.DirtiesContextBeforeModesTestExecutionListener, org.springframework.test.context.support.DependencyInjectionTestExecutionListener, org.springframework.test.context.support.DirtiesContextTestExecutionListener, org.springframework.test.context.transaction.TransactionalTestExecutionListener, org.springframework.test.context.jdbc.SqlScriptsTestExecutionListener, org.springframework.test.context.event.EventPublishingTestExecutionListener]
2020-03-16T20:03:47,533 [main] INFO  org.springframework.test.context.support.DefaultTestContextBootstrapper - Using TestExecutionListeners: [org.springframework.test.context.support.DirtiesContextBeforeModesTestExecutionListener@4c371370, org.springframework.test.context.support.DependencyInjectionTestExecutionListener@145f66e3, org.springframework.test.context.support.DirtiesContextTestExecutionListener@3023df74, org.springframework.test.context.transaction.TransactionalTestExecutionListener@313ac989, org.springframework.test.context.jdbc.SqlScriptsTestExecutionListener@4562e04d, org.springframework.test.context.event.EventPublishingTestExecutionListener@2a65fe7c]
2020-03-16T20:03:47,923 [main] INFO  org.hibernate.Version - HHH000412: Hibernate ORM core version 5.4.12.Final
2020-03-16T20:03:48,034 [main] INFO  org.hibernate.annotations.common.Version - HCANN000001: Hibernate Commons Annotations {5.1.0.Final}
2020-03-16T20:03:48,255 [main] INFO  org.hibernate.dialect.Dialect - HHH000400: Using dialect: org.hibernate.dialect.H2Dialect
2020-03-16T20:03:48,506 [main] INFO  org.hibernate.search.engine.Version - HSEARCH000034: Hibernate Search 5.6.1.Final
2020-03-16T20:03:48,906 [main] INFO  org.hibernate.engine.transaction.jta.platform.internal.JtaPlatformInitiator - HHH000490: Using JtaPlatform implementation: [org.hibernate.engine.transaction.jta.platform.internal.NoJtaPlatform]
2020-03-16T20:03:49,059 [main] INFO  fr.epita.quiz.data.model.Question - get question 1
2020-03-16T20:03:49,076 [main] INFO  fr.epita.quiz.data.model.Question - ---------- 2
2020-03-16T20:03:49,076 [main] INFO  fr.epita.quiz.data.model.Question - ---------- who are you?
2020-03-16T20:04:24,466 [main] INFO  org.springframework.test.context.support.DefaultTestContextBootstrapper - Loaded default TestExecutionListener class names from location [META-INF/spring.factories]: [org.springframework.test.context.web.ServletTestExecutionListener, org.springframework.test.context.support.DirtiesContextBeforeModesTestExecutionListener, org.springframework.test.context.support.DependencyInjectionTestExecutionListener, org.springframework.test.context.support.DirtiesContextTestExecutionListener, org.springframework.test.context.transaction.TransactionalTestExecutionListener, org.springframework.test.context.jdbc.SqlScriptsTestExecutionListener, org.springframework.test.context.event.EventPublishingTestExecutionListener]
2020-03-16T20:04:24,476 [main] INFO  org.springframework.test.context.support.DefaultTestContextBootstrapper - Using TestExecutionListeners: [org.springframework.test.context.support.DirtiesContextBeforeModesTestExecutionListener@4c371370, org.springframework.test.context.support.DependencyInjectionTestExecutionListener@145f66e3, org.springframework.test.context.support.DirtiesContextTestExecutionListener@3023df74, org.springframework.test.context.transaction.TransactionalTestExecutionListener@313ac989, org.springframework.test.context.jdbc.SqlScriptsTestExecutionListener@4562e04d, org.springframework.test.context.event.EventPublishingTestExecutionListener@2a65fe7c]
2020-03-16T20:04:24,870 [main] INFO  org.hibernate.Version - HHH000412: Hibernate ORM core version 5.4.12.Final
2020-03-16T20:04:25,000 [main] INFO  org.hibernate.annotations.common.Version - HCANN000001: Hibernate Commons Annotations {5.1.0.Final}
2020-03-16T20:04:25,249 [main] INFO  org.hibernate.dialect.Dialect - HHH000400: Using dialect: org.hibernate.dialect.H2Dialect
2020-03-16T20:04:25,541 [main] INFO  org.hibernate.search.engine.Version - HSEARCH000034: Hibernate Search 5.6.1.Final
2020-03-16T20:04:25,957 [main] INFO  org.hibernate.engine.transaction.jta.platform.internal.JtaPlatformInitiator - HHH000490: Using JtaPlatform implementation: [org.hibernate.engine.transaction.jta.platform.internal.NoJtaPlatform]
2020-03-16T20:04:26,111 [main] INFO  fr.epita.quiz.data.model.Question - get question 1
2020-03-16T20:04:26,132 [main] INFO  fr.epita.quiz.data.model.Question - ---------- 2
2020-03-16T20:04:26,132 [main] INFO  fr.epita.quiz.data.model.Question - ---------- who are you?
2020-03-16T20:05:17,828 [main] INFO  org.springframework.test.context.support.DefaultTestContextBootstrapper - Loaded default TestExecutionListener class names from location [META-INF/spring.factories]: [org.springframework.test.context.web.ServletTestExecutionListener, org.springframework.test.context.support.DirtiesContextBeforeModesTestExecutionListener, org.springframework.test.context.support.DependencyInjectionTestExecutionListener, org.springframework.test.context.support.DirtiesContextTestExecutionListener, org.springframework.test.context.transaction.TransactionalTestExecutionListener, org.springframework.test.context.jdbc.SqlScriptsTestExecutionListener, org.springframework.test.context.event.EventPublishingTestExecutionListener]
2020-03-16T20:05:17,839 [main] INFO  org.springframework.test.context.support.DefaultTestContextBootstrapper - Using TestExecutionListeners: [org.springframework.test.context.support.DirtiesContextBeforeModesTestExecutionListener@4c371370, org.springframework.test.context.support.DependencyInjectionTestExecutionListener@145f66e3, org.springframework.test.context.support.DirtiesContextTestExecutionListener@3023df74, org.springframework.test.context.transaction.TransactionalTestExecutionListener@313ac989, org.springframework.test.context.jdbc.SqlScriptsTestExecutionListener@4562e04d, org.springframework.test.context.event.EventPublishingTestExecutionListener@2a65fe7c]
2020-03-16T20:05:18,272 [main] INFO  org.hibernate.Version - HHH000412: Hibernate ORM core version 5.4.12.Final
2020-03-16T20:05:18,405 [main] INFO  org.hibernate.annotations.common.Version - HCANN000001: Hibernate Commons Annotations {5.1.0.Final}
2020-03-16T20:05:18,649 [main] INFO  org.hibernate.dialect.Dialect - HHH000400: Using dialect: org.hibernate.dialect.H2Dialect
2020-03-16T20:05:18,896 [main] INFO  org.hibernate.search.engine.Version - HSEARCH000034: Hibernate Search 5.6.1.Final
2020-03-16T20:05:19,289 [main] INFO  org.hibernate.engine.transaction.jta.platform.internal.JtaPlatformInitiator - HHH000490: Using JtaPlatform implementation: [org.hibernate.engine.transaction.jta.platform.internal.NoJtaPlatform]
2020-03-16T20:05:19,506 [main] INFO  fr.epita.quiz.data.model.Question - get question 1
2020-03-16T20:05:19,533 [main] INFO  fr.epita.quiz.data.model.Question - ---------- 2
2020-03-16T20:05:19,533 [main] INFO  fr.epita.quiz.data.model.Question - ---------- who are you?
